<?xml version="1.0" encoding="UTF-8"?>
<testsuite xmlns:xsi="http://www.w3.org/2001/XMLSchema-instance" xsi:noNamespaceSchemaLocation="https://maven.apache.org/surefire/maven-surefire-plugin/xsd/surefire-test-report.xsd" version="3.0.2" name="io.skillswap.springweb.SkillSwapApplicationTests" time="43.876" tests="1" errors="0" skipped="0" failures="0" flakes="0">
  <properties>
[...]
</properties>
  <testcase name="contextLoads" classname="io.skillswap.springweb.SkillSwapApplicationTests" time="1.081">
    <system-out><![CDATA[13:45:55.525 [main] INFO org.springframework.test.context.support.AnnotationConfigContextLoaderUtils -- Could not detect default configuration classes for test class [io.skillswap.springweb.SkillSwapApplicationTests]: SkillSwapApplicationTests does not declare any static, non-private, non-final, nested classes annotated with @Configuration.
13:45:55.865 [main] INFO org.springframework.boot.test.context.SpringBootTestContextBootstrapper -- Found @SpringBootConfiguration io.skillswap.springweb.SkillSwapApplication for test class io.skillswap.springweb.SkillSwapApplicationTests
13:45:56.098 [main] INFO org.springframework.test.context.support.AnnotationConfigContextLoaderUtils -- Could not detect default configuration classes for test class [io.skillswap.springweb.SkillSwapApplicationTests]: SkillSwapApplicationTests does not declare any static, non-private, non-final, nested classes annotated with @Configuration.
13:45:56.099 [main] INFO org.springframework.boot.test.context.SpringBootTestContextBootstrapper -- Found @SpringBootConfiguration io.skillswap.springweb.SkillSwapApplication for test class io.skillswap.springweb.SkillSwapApplicationTests
13:45:56.307 [main] INFO org.springframework.boot.devtools.restart.RestartApplicationListener -- Restart disabled due to context in which it is running

  .   ____          _            __ _ _
 /\\ / ___'_ __ _ _(_)_ __  __ _ \ \ \ \
( ( )\___ | '_ | '_| | '_ \/ _` | \ \ \ \
 \\/  ___)| |_)| | | | | || (_| |  ) ) ) )
  '  |____| .__|_| |_|_| |_\__, | / / / /
 =========|_|==============|___/=/_/_/_/

 :: Spring Boot ::                (v4.1.0)

2026-09-21T13:45:56.809+05:45  INFO 94968 --- [SkillSwap] [           main] i.s.springweb.SkillSwapApplicationTests  : Starting SkillSwapApplicationTests using Java 21.0.12.1 with PID 94968 (started by Nitro in C:\Users\Nitro\Downloads\SkillSwap-defense-ready\SkillSwap)
2026-09-21T13:45:56.812+05:45  INFO 94968 --- [SkillSwap] [           main] i.s.springweb.SkillSwapApplicationTests  : No active profile set, falling back to 1 default profile: "default"
2026-09-21T13:45:58.456+05:45  INFO 94968 --- [SkillSwap] [           main] .s.d.r.c.RepositoryConfigurationDelegate : Bootstrapping Spring Data JPA repositories in DEFAULT mode.
2026-09-21T13:45:58.567+05:45  INFO 94968 --- [SkillSwap] [           main] .s.d.r.c.RepositoryConfigurationDelegate : Finished Spring Data repository scanning in 96 ms. Found 10 JPA repository interfaces.
2026-09-21T13:45:59.518+05:45  INFO 94968 --- [SkillSwap] [           main] org.hibernate.orm.jpa                    : HHH008540: Processing PersistenceUnitInfo [name: default]
2026-09-21T13:45:59.601+05:45  INFO 94968 --- [SkillSwap] [           main] org.hibernate.orm.core                   : HHH000001: Hibernate ORM core version 7.4.1.Final
2026-09-21T13:46:00.357+05:45  INFO 94968 --- [SkillSwap] [           main] o.s.o.j.p.SpringPersistenceUnitInfo      : No LoadTimeWeaver setup: ignoring JPA class transformer
2026-09-21T13:46:00.413+05:45  INFO 94968 --- [SkillSwap] [           main] com.zaxxer.hikari.HikariDataSource       : HikariPool-1 - Starting...
2026-09-21T13:46:02.718+05:45  INFO 94968 --- [SkillSwap] [           main] com.zaxxer.hikari.pool.HikariPool        : HikariPool-1 - Added connection com.mysql.cj.jdbc.ConnectionImpl@5847010
2026-09-21T13:46:02.726+05:45  INFO 94968 --- [SkillSwap] [           main] com.zaxxer.hikari.HikariDataSource       : HikariPool-1 - Start completed.
2026-09-21T13:46:03.383+05:45  INFO 94968 --- [SkillSwap] [           main] org.hibernate.orm.connections.pooling    : HHH10001005: Database info:
	Database JDBC URL [jdbc:mysql://2Y7g2jErVex41wG.root:JCR1Gib2lTwk9brN@gateway01.ap-southeast-1.prod.aws.tidbcloud.com:4000/test?sslMode=VERIFY_IDENTITY]
	Database driver: MySQL Connector/J
	Database dialect: MySQLDialect
	Database version: 8.0.11
	Default catalog/schema: test/undefined
	Autocommit mode: undefined/unknown
	Isolation level: REPEATABLE_READ [default REPEATABLE_READ]
	JDBC fetch size: none
	Pool: DataSourceConnectionProvider
	Minimum pool size: undefined/unknown
	Maximum pool size: undefined/unknown
2026-09-21T13:46:05.009+05:45  INFO 94968 --- [SkillSwap] [           main] org.hibernate.orm.core                   : HHH000489: No JTA platform available (set 'hibernate.transaction.jta.platform' to enable JTA platform integration)
Hibernate: create table app_user (id bigint not null auto_increment, active bit not null, awarded_profile_complete_bonus bit not null, bio TEXT, city varchar(255), created_at datetime(6), email varchar(255), email_verified bit not null, full_name varchar(255), last_login_date date, message_count integer not null, password varchar(255), points integer not null, rating_count integer not null, rating_sum float(53) not null, role varchar(255), streak_days integer not null, total_enrollments integer not null, primary key (id)) engine=InnoDB
Hibernate: create table badge (id bigint not null auto_increment, code varchar(255), description varchar(255), icon varchar(255), name varchar(255), primary key (id)) engine=InnoDB
Hibernate: create table chat_message (id bigint not null auto_increment, content TEXT, created_at datetime(6), match_id bigint, sender_id bigint, primary key (id)) engine=InnoDB
Hibernate: create table notification (id bigint not null auto_increment, created_at datetime(6), message TEXT, primary key (id)) engine=InnoDB
Hibernate: create table redemption (id bigint not null auto_increment, cost integer not null, redeemed_at datetime(6), reward_code varchar(255), reward_name varchar(255), user_id bigint, primary key (id)) engine=InnoDB
Hibernate: create table session_attended_by (session_id bigint not null, user_id bigint not null, primary key (session_id, user_id)) engine=InnoDB
Hibernate: create table session_rating (id bigint not null auto_increment, comment TEXT, created_at datetime(6), score integer not null, rated_user_id bigint, rater_id bigint, session_id bigint, primary key (id)) engine=InnoDB
Hibernate: create table skill (id bigint not null auto_increment, name varchar(255), primary key (id)) engine=InnoDB
Hibernate: create table skill_match (id bigint not null auto_increment, created_at datetime(6), expires_at datetime(6), match_score float(53) not null, status enum ('ACCEPTED','PENDING','REJECTED'), user_a_id bigint, user_b_id bigint, primary key (id)) engine=InnoDB
Hibernate: create table skill_session (id bigint not null auto_increment, capacity integer not null, delivery_mode enum ('OFFLINE','ONLINE'), download_url varchar(255), location varchar(255), scheduled_at datetime(6), status enum ('CANCELLED','COMPLETED','SCHEDULED'), match_id bigint, primary key (id)) engine=InnoDB
Hibernate: create table user_badges (user_id bigint not null, badge_id bigint not null, primary key (user_id, badge_id)) engine=InnoDB
Hibernate: create table user_image (id bigint not null auto_increment, content_type varchar(255), image MEDIUMBLOB, user_id bigint, primary key (id)) engine=InnoDB
Hibernate: create table user_offered_skills (user_id bigint not null, skill_id bigint not null, primary key (user_id, skill_id)) engine=InnoDB
Hibernate: create table user_wanted_skills (user_id bigint not null, skill_id bigint not null, primary key (user_id, skill_id)) engine=InnoDB
Hibernate: alter table app_user drop index UK1j9d9a06i600gd43uu3km82jw
Hibernate: alter table app_user add constraint UK1j9d9a06i600gd43uu3km82jw unique (email)
Hibernate: alter table badge drop index UKsu63qfw5xrdxs2c5h3cx5wp8w
Hibernate: alter table badge add constraint UKsu63qfw5xrdxs2c5h3cx5wp8w unique (code)
Hibernate: alter table skill drop index UK5ljf2l2h4odhtxrsuohlro4ir
Hibernate: alter table skill add constraint UK5ljf2l2h4odhtxrsuohlro4ir unique (name)
Hibernate: alter table skill_session drop index UK1utch63rvcge2ww8qhoetwmdg
Hibernate: alter table skill_session add constraint UK1utch63rvcge2ww8qhoetwmdg unique (match_id)
Hibernate: alter table user_image drop index UKkmuuil8sny6o2cxlbjx4sc43g
Hibernate: alter table user_image add constraint UKkmuuil8sny6o2cxlbjx4sc43g unique (user_id)
Hibernate: alter table chat_message add constraint FK3duk5dn1bfq109le92mg945yh foreign key (match_id) references skill_match (id)
Hibernate: alter table chat_message add constraint FK8y11cpin9xrphp0tkui2jvt2y foreign key (sender_id) references app_user (id)
Hibernate: alter table redemption add constraint FK7e69odq2a79gwthu504dokn0n foreign key (user_id) references app_user (id)
Hibernate: alter table session_attended_by add constraint FK7omeqh8vfg1hrnkr6i73yndkc foreign key (user_id) references app_user (id)
Hibernate: alter table session_attended_by add constraint FKgb576wxtws52rq2r1lkbg5tf2 foreign key (session_id) references skill_session (id)
Hibernate: alter table session_rating add constraint FK5rx4m6go0n1us1woiqow3doxa foreign key (rated_user_id) references app_user (id)
Hibernate: alter table session_rating add constraint FKjdtateukx59mcc99cigybkr3x foreign key (rater_id) references app_user (id)
Hibernate: alter table session_rating add constraint FKp2v85wbiaqrd7o8l66xs2kt6 foreign key (session_id) references skill_session (id)
Hibernate: alter table skill_match add constraint FK4phdoh0nidn8yiqwmlmwltk3h foreign key (user_a_id) references app_user (id)
Hibernate: alter table skill_match add constraint FKmxwmcyspia085jpto0dab6fwy foreign key (user_b_id) references app_user (id)
Hibernate: alter table skill_session add constraint FK5sphc5ph3wvgq5gb7edpw6507 foreign key (match_id) references skill_match (id)
Hibernate: alter table user_badges add constraint FKm6s10gyhh96irpj92csb6yoia foreign key (badge_id) references badge (id)
Hibernate: alter table user_badges add constraint FKm4frut8fslkslb9mi73avymh8 foreign key (user_id) references app_user (id)
Hibernate: alter table user_image add constraint FK36wm9ykuwo81oy27a9p1mad2n foreign key (user_id) references app_user (id)
Hibernate: alter table user_offered_skills add constraint FKmv1iyenn3wrlwmlrl3dhc58f5 foreign key (skill_id) references skill (id)
Hibernate: alter table user_offered_skills add constraint FKav1jfrgd155yetpk69yfo0nqn foreign key (user_id) references app_user (id)
Hibernate: alter table user_wanted_skills add constraint FKqxruyrj2bpyo4r6rnik9fbkr6 foreign key (skill_id) references skill (id)
Hibernate: alter table user_wanted_skills add constraint FK8fwop79dfb3o483tfnvgw6ojx foreign key (user_id) references app_user (id)
2026-09-21T13:46:23.755+05:45  INFO 94968 --- [SkillSwap] [           main] j.LocalContainerEntityManagerFactoryBean : Initialized JPA EntityManagerFactory for persistence unit 'default'
2026-09-21T13:46:23.939+05:45  INFO 94968 --- [SkillSwap] [           main] o.s.d.j.r.query.QueryEnhancerFactories   : Hibernate is in classpath; If applicable, HQL parser will be used.
2026-09-21T13:46:25.846+05:45  WARN 94968 --- [SkillSwap] [           main] JpaBaseConfiguration$JpaWebConfiguration : spring.jpa.open-in-view is enabled by default. Therefore, database queries may be performed during view rendering. Explicitly configure spring.jpa.open-in-view to disable this warning
2026-09-21T13:46:25.878+05:45  INFO 94968 --- [SkillSwap] [           main] o.s.b.w.a.WelcomePageHandlerMapping      : Adding welcome page: class path resource [static/index.html]
2026-09-21T13:46:26.432+05:45  WARN 94968 --- [SkillSwap] [           main] ion$DefaultTemplateResolverConfiguration : Cannot find template location: classpath:/templates/ (please add some templates, check your Thymeleaf configuration, or set spring.thymeleaf.check-template-location=false)
2026-09-21T13:46:26.705+05:45  INFO 94968 --- [SkillSwap] [           main] i.s.springweb.SkillSwapApplicationTests  : Started SkillSwapApplicationTests in 30.412 seconds (process running for 32.9)
Hibernate: select count(*) from app_user u1_0
Hibernate: insert into app_user (active,awarded_profile_complete_bonus,bio,city,created_at,email,email_verified,full_name,last_login_date,message_count,password,points,rating_count,rating_sum,role,streak_days,total_enrollments) values (?,?,?,?,?,?,?,?,?,?,?,?,?,?,?,?,?)
Hibernate: select s1_0.id,s1_0.name from skill s1_0 where upper(s1_0.name)=upper(?)
Hibernate: insert into skill (name) values (?)
Hibernate: select s1_0.id,s1_0.name from skill s1_0 where upper(s1_0.name)=upper(?)
Hibernate: insert into skill (name) values (?)
Hibernate: select s1_0.id,s1_0.name from skill s1_0 where upper(s1_0.name)=upper(?)
Hibernate: insert into skill (name) values (?)
Hibernate: select s1_0.id,s1_0.name from skill s1_0 where upper(s1_0.name)=upper(?)
Hibernate: insert into skill (name) values (?)
Hibernate: insert into app_user (active,awarded_profile_complete_bonus,bio,city,created_at,email,email_verified,full_name,last_login_date,message_count,password,points,rating_count,rating_sum,role,streak_days,total_enrollments) values (?,?,?,?,?,?,?,?,?,?,?,?,?,?,?,?,?)
Hibernate: select s1_0.id,s1_0.name from skill s1_0 where upper(s1_0.name)=upper(?)
Hibernate: insert into skill (name) values (?)
Hibernate: select s1_0.id,s1_0.name from skill s1_0 where upper(s1_0.name)=upper(?)
Hibernate: insert into skill (name) values (?)
Hibernate: select s1_0.id,s1_0.name from skill s1_0 where upper(s1_0.name)=upper(?)
Hibernate: select s1_0.id,s1_0.name from skill s1_0 where upper(s1_0.name)=upper(?)
Hibernate: insert into skill (name) values (?)
Hibernate: insert into app_user (active,awarded_profile_complete_bonus,bio,city,created_at,email,email_verified,full_name,last_login_date,message_count,password,points,rating_count,rating_sum,role,streak_days,total_enrollments) values (?,?,?,?,?,?,?,?,?,?,?,?,?,?,?,?,?)
Hibernate: select s1_0.id,s1_0.name from skill s1_0 where upper(s1_0.name)=upper(?)
Hibernate: select s1_0.id,s1_0.name from skill s1_0 where upper(s1_0.name)=upper(?)
Hibernate: insert into skill (name) values (?)
Hibernate: select s1_0.id,s1_0.name from skill s1_0 where upper(s1_0.name)=upper(?)
Hibernate: insert into skill (name) values (?)
Hibernate: select s1_0.id,s1_0.name from skill s1_0 where upper(s1_0.name)=upper(?)
Hibernate: insert into app_user (active,awarded_profile_complete_bonus,bio,city,created_at,email,email_verified,full_name,last_login_date,message_count,password,points,rating_count,rating_sum,role,streak_days,total_enrollments) values (?,?,?,?,?,?,?,?,?,?,?,?,?,?,?,?,?)
Hibernate: select s1_0.id,s1_0.name from skill s1_0 where upper(s1_0.name)=upper(?)
Hibernate: insert into skill (name) values (?)
Hibernate: select s1_0.id,s1_0.name from skill s1_0 where upper(s1_0.name)=upper(?)
Hibernate: select s1_0.id,s1_0.name from skill s1_0 where upper(s1_0.name)=upper(?)
Hibernate: select s1_0.id,s1_0.name from skill s1_0 where upper(s1_0.name)=upper(?)
Hibernate: insert into app_user (active,awarded_profile_complete_bonus,bio,city,created_at,email,email_verified,full_name,last_login_date,message_count,password,points,rating_count,rating_sum,role,streak_days,total_enrollments) values (?,?,?,?,?,?,?,?,?,?,?,?,?,?,?,?,?)
Hibernate: select s1_0.id,s1_0.name from skill s1_0 where upper(s1_0.name)=upper(?)
Hibernate: select s1_0.id,s1_0.name from skill s1_0 where upper(s1_0.name)=upper(?)
Hibernate: insert into skill (name) values (?)
Hibernate: select s1_0.id,s1_0.name from skill s1_0 where upper(s1_0.name)=upper(?)
Hibernate: select s1_0.id,s1_0.name from skill s1_0 where upper(s1_0.name)=upper(?)
Hibernate: insert into app_user (active,awarded_profile_complete_bonus,bio,city,created_at,email,email_verified,full_name,last_login_date,message_count,password,points,rating_count,rating_sum,role,streak_days,total_enrollments) values (?,?,?,?,?,?,?,?,?,?,?,?,?,?,?,?,?)
Hibernate: select s1_0.id,s1_0.name from skill s1_0 where upper(s1_0.name)=upper(?)
Hibernate: insert into skill (name) values (?)
Hibernate: select s1_0.id,s1_0.name from skill s1_0 where upper(s1_0.name)=upper(?)
Hibernate: select s1_0.id,s1_0.name from skill s1_0 where upper(s1_0.name)=upper(?)
Hibernate: insert into skill (name) values (?)
Hibernate: select s1_0.id,s1_0.name from skill s1_0 where upper(s1_0.name)=upper(?)
Hibernate: insert into app_user (active,awarded_profile_complete_bonus,bio,city,created_at,email,email_verified,full_name,last_login_date,message_count,password,points,rating_count,rating_sum,role,streak_days,total_enrollments) values (?,?,?,?,?,?,?,?,?,?,?,?,?,?,?,?,?)
Hibernate: select s1_0.id,s1_0.name from skill s1_0 where upper(s1_0.name)=upper(?)
Hibernate: insert into skill (name) values (?)
Hibernate: select s1_0.id,s1_0.name from skill s1_0 where upper(s1_0.name)=upper(?)
Hibernate: insert into skill (name) values (?)
Hibernate: select s1_0.id,s1_0.name from skill s1_0 where upper(s1_0.name)=upper(?)
Hibernate: insert into skill (name) values (?)
Hibernate: select s1_0.id,s1_0.name from skill s1_0 where upper(s1_0.name)=upper(?)
Hibernate: insert into skill (name) values (?)
Hibernate: insert into app_user (active,awarded_profile_complete_bonus,bio,city,created_at,email,email_verified,full_name,last_login_date,message_count,password,points,rating_count,rating_sum,role,streak_days,total_enrollments) values (?,?,?,?,?,?,?,?,?,?,?,?,?,?,?,?,?)
Hibernate: select s1_0.id,s1_0.name from skill s1_0 where upper(s1_0.name)=upper(?)
Hibernate: select s1_0.id,s1_0.name from skill s1_0 where upper(s1_0.name)=upper(?)
Hibernate: select s1_0.id,s1_0.name from skill s1_0 where upper(s1_0.name)=upper(?)
Hibernate: select s1_0.id,s1_0.name from skill s1_0 where upper(s1_0.name)=upper(?)
Hibernate: insert into app_user (active,awarded_profile_complete_bonus,bio,city,created_at,email,email_verified,full_name,last_login_date,message_count,password,points,rating_count,rating_sum,role,streak_days,total_enrollments) values (?,?,?,?,?,?,?,?,?,?,?,?,?,?,?,?,?)
Hibernate: select s1_0.id,s1_0.name from skill s1_0 where upper(s1_0.name)=upper(?)
Hibernate: select s1_0.id,s1_0.name from skill s1_0 where upper(s1_0.name)=upper(?)
Hibernate: insert into app_user (active,awarded_profile_complete_bonus,bio,city,created_at,email,email_verified,full_name,last_login_date,message_count,password,points,rating_count,rating_sum,role,streak_days,total_enrollments) values (?,?,?,?,?,?,?,?,?,?,?,?,?,?,?,?,?)
Hibernate: select s1_0.id,s1_0.name from skill s1_0 where upper(s1_0.name)=upper(?)
Hibernate: insert into skill (name) values (?)
Hibernate: select s1_0.id,s1_0.name from skill s1_0 where upper(s1_0.name)=upper(?)
Hibernate: insert into skill (name) values (?)
Hibernate: select s1_0.id,s1_0.name from skill s1_0 where upper(s1_0.name)=upper(?)
Hibernate: insert into skill (name) values (?)
Hibernate: select s1_0.id,s1_0.name from skill s1_0 where upper(s1_0.name)=upper(?)
Hibernate: insert into skill (name) values (?)
Hibernate: select s1_0.id,s1_0.name from skill s1_0 where upper(s1_0.name)=upper(?)
Hibernate: insert into skill (name) values (?)
Hibernate: insert into skill_match (created_at,expires_at,match_score,status,user_a_id,user_b_id) values (?,?,?,?,?,?)
Hibernate: insert into chat_message (content,created_at,match_id,sender_id) values (?,?,?,?)
Hibernate: insert into chat_message (content,created_at,match_id,sender_id) values (?,?,?,?)
Hibernate: insert into user_offered_skills (user_id,skill_id) values (?,?)
Hibernate: insert into user_offered_skills (user_id,skill_id) values (?,?)
Hibernate: insert into user_wanted_skills (user_id,skill_id) values (?,?)
Hibernate: insert into user_wanted_skills (user_id,skill_id) values (?,?)
Hibernate: insert into user_offered_skills (user_id,skill_id) values (?,?)
Hibernate: insert into user_offered_skills (user_id,skill_id) values (?,?)
Hibernate: insert into user_wanted_skills (user_id,skill_id) values (?,?)
Hibernate: insert into user_wanted_skills (user_id,skill_id) values (?,?)
Hibernate: insert into user_offered_skills (user_id,skill_id) values (?,?)
Hibernate: insert into user_offered_skills (user_id,skill_id) values (?,?)
Hibernate: insert into user_wanted_skills (user_id,skill_id) values (?,?)
Hibernate: insert into user_wanted_skills (user_id,skill_id) values (?,?)
Hibernate: insert into user_offered_skills (user_id,skill_id) values (?,?)
Hibernate: insert into user_offered_skills (user_id,skill_id) values (?,?)
Hibernate: insert into user_wanted_skills (user_id,skill_id) values (?,?)
Hibernate: insert into user_wanted_skills (user_id,skill_id) values (?,?)
Hibernate: insert into user_offered_skills (user_id,skill_id) values (?,?)
Hibernate: insert into user_offered_skills (user_id,skill_id) values (?,?)
Hibernate: insert into user_wanted_skills (user_id,skill_id) values (?,?)
Hibernate: insert into user_wanted_skills (user_id,skill_id) values (?,?)
Hibernate: insert into user_offered_skills (user_id,skill_id) values (?,?)
Hibernate: insert into user_offered_skills (user_id,skill_id) values (?,?)
Hibernate: insert into user_wanted_skills (user_id,skill_id) values (?,?)
Hibernate: insert into user_wanted_skills (user_id,skill_id) values (?,?)
Hibernate: insert into user_offered_skills (user_id,skill_id) values (?,?)
Hibernate: insert into user_offered_skills (user_id,skill_id) values (?,?)
Hibernate: insert into user_wanted_skills (user_id,skill_id) values (?,?)
Hibernate: insert into user_wanted_skills (user_id,skill_id) values (?,?)
Hibernate: insert into user_offered_skills (user_id,skill_id) values (?,?)
Hibernate: insert into user_offered_skills (user_id,skill_id) values (?,?)
Hibernate: insert into user_wanted_skills (user_id,skill_id) values (?,?)
Hibernate: insert into user_wanted_skills (user_id,skill_id) values (?,?)
Hibernate: insert into user_offered_skills (user_id,skill_id) values (?,?)
Hibernate: insert into user_wanted_skills (user_id,skill_id) values (?,?)
]]></system-out>
    <system-err><![CDATA[Mockito is currently self-attaching to enable the inline-mock-maker. This will no longer work in future releases of the JDK. Please add Mockito as an agent to your build as described in Mockito's documentation: https://javadoc.io/doc/org.mockito/mockito-core/latest/org.mockito/org/mockito/Mockito.html#0.3
WARNING: A Java agent has been loaded dynamically (C:\Users\Nitro\.m2\repository\net\bytebuddy\byte-buddy-agent\1.18.10\byte-buddy-agent-1.18.10.jar)
WARNING: If a serviceability tool is in use, please run with -XX:+EnableDynamicAgentLoading to hide this warning
WARNING: If a serviceability tool is not in use, please run with -Djdk.instrument.traceUsage for more information
WARNING: Dynamic loading of agents will be disallowed by default in a future release
]]></system-err>
  </testcase>
</testsuite>